05-28 00:44:08 com_github_MitjaNemec_ReplicateLayout.action_replicate_layout 359:Plugin executed on: 'linux'
05-28 00:44:08 com_github_MitjaNemec_ReplicateLayout.action_replicate_layout 360:Plugin executed with python version: '3.11.2 (main, Nov 30 2024, 21:22:50) [GCC 12.2.0]'
05-28 00:44:08 com_github_MitjaNemec_ReplicateLayout.action_replicate_layout 361:KiCad build version: 6.0.11+dfsg-1
05-28 00:44:08 com_github_MitjaNemec_ReplicateLayout.action_replicate_layout 362:Plugin version: 1.3.5
05-28 00:44:08 com_github_MitjaNemec_ReplicateLayout.action_replicate_layout 363:Frame repr: <wx._core.Frame object at 0x7fea997f2a70>
05-28 00:44:08 com_github_MitjaNemec_ReplicateLayout.action_replicate_layout 387:Preparing replicator with J7 as a reference
05-28 00:44:08 com_github_MitjaNemec_ReplicateLayout.replicate_layout 113:getting a list of all footprints on board
05-28 00:44:08 com_github_MitjaNemec_ReplicateLayout.replicate_layout 132:Footprint REF** does not have Sheetfile property, it will not be replicated. Most likely it is only in layout
05-28 00:44:08 com_github_MitjaNemec_ReplicateLayout.replicate_layout 132:Footprint kibuzzard-6798B3BB does not have Sheetfile property, it will not be replicated. Most likely it is only in layout
05-28 00:44:08 com_github_MitjaNemec_ReplicateLayout.replicate_layout 132:Footprint REF** does not have Sheetfile property, it will not be replicated. Most likely it is only in layout
05-28 00:44:08 com_github_MitjaNemec_ReplicateLayout.replicate_layout 132:Footprint REF** does not have Sheetfile property, it will not be replicated. Most likely it is only in layout
05-28 00:44:08 com_github_MitjaNemec_ReplicateLayout.replicate_layout 132:Footprint G*** does not have Sheetfile property, it will not be replicated. Most likely it is only in layout
05-28 00:44:08 com_github_MitjaNemec_ReplicateLayout.replicate_layout 132:Footprint kibuzzard-6798B3C4 does not have Sheetfile property, it will not be replicated. Most likely it is only in layout
05-28 00:44:08 com_github_MitjaNemec_ReplicateLayout.replicate_layout 132:Footprint kibuzzard-682BBE49 does not have Sheetfile property, it will not be replicated. Most likely it is only in layout
05-28 00:44:08 com_github_MitjaNemec_ReplicateLayout.action_replicate_layout 435:source anchor footprint is 'J7'
Located on: ['input3-1']
With filenames: ['_input3.kicad_sch']
With sheet_id:['input3-1']
05-28 00:44:08 com_github_MitjaNemec_ReplicateLayout.action_replicate_layout 442:Corresponding footprints are 
[('J7', ['input3-1']), ('J6', ['input3-2'])]
05-28 00:44:08 com_github_MitjaNemec_ReplicateLayout.action_replicate_layout 454:Showing dialog
05-28 00:44:08 com_github_MitjaNemec_ReplicateLayout.replicate_layout 391:constructing a list of sheets suitable for replication on level:'input3-1', file:'_input3.kicad_sch'
05-28 00:44:08 com_github_MitjaNemec_ReplicateLayout.replicate_layout 428:suitable sheets are:[['input3-2']]
05-28 00:44:09 com_github_MitjaNemec_ReplicateLayout.replicate_layout 1356:Level selected: ['input3-1']
05-28 00:44:09 com_github_MitjaNemec_ReplicateLayout.replicate_layout 1191:Filtering list of tracks
05-28 00:44:09 com_github_MitjaNemec_ReplicateLayout.action_replicate_layout 460:Toolbar position: wx.Point(3086, 82)
05-28 00:44:09 com_github_MitjaNemec_ReplicateLayout.action_replicate_layout 465:Dialog position: wx.Point(2722, 82)
05-28 00:44:12 com_github_MitjaNemec_ReplicateLayout.replicate_layout 391:constructing a list of sheets suitable for replication on level:'input3-1', file:'_input3.kicad_sch'
05-28 00:44:12 com_github_MitjaNemec_ReplicateLayout.replicate_layout 428:suitable sheets are:[['input3-2']]
05-28 00:44:12 com_github_MitjaNemec_ReplicateLayout.action_replicate_layout 207:Replicating layout
05-28 00:44:12 com_github_MitjaNemec_ReplicateLayout.replicate_layout 237:Starting replication of sheets: [['input3-2']]
on level: ['input3-1']
with tracks=True, zone=True, text=True, text=True, intersecting=False, remove=False, locked footprints=False, group_only=False
05-28 00:44:12 root 299:updating GUI message: 'Preparing for replication'
05-28 00:44:13 root 304:updating GUI with: 0
05-28 00:44:13 com_github_MitjaNemec_ReplicateLayout.replicate_layout 307:Getting the list of source footprints
05-28 00:44:13 root 304:updating GUI with: 0
05-28 00:44:13 com_github_MitjaNemec_ReplicateLayout.replicate_layout 317:Getting the list of all the remaining footprints
05-28 00:44:13 com_github_MitjaNemec_ReplicateLayout.replicate_layout 324:Getting source tracks
05-28 00:44:13 com_github_MitjaNemec_ReplicateLayout.replicate_layout 1191:Filtering list of tracks
05-28 00:44:13 com_github_MitjaNemec_ReplicateLayout.replicate_layout 328:Getting source zones
05-28 00:44:13 com_github_MitjaNemec_ReplicateLayout.replicate_layout 332:Getting source text items
05-28 00:44:13 root 304:updating GUI with: 66
05-28 00:44:13 com_github_MitjaNemec_ReplicateLayout.replicate_layout 336:Getting source drawing items
05-28 00:44:13 root 304:updating GUI with: 83
05-28 00:44:13 root 299:updating GUI message: 'Replicating footprints'
05-28 00:44:13 com_github_MitjaNemec_ReplicateLayout.replicate_layout 742:Replicating footprints
05-28 00:44:13 com_github_MitjaNemec_ReplicateLayout.replicate_layout 748:Replicating footprints on sheet ['input3-2']
05-28 00:44:13 root 299:updating GUI message: 'Replicating tracks'
05-28 00:44:13 com_github_MitjaNemec_ReplicateLayout.replicate_layout 907:Replicating tracks
05-28 00:44:13 root 304:updating GUI with: 0
05-28 00:44:13 com_github_MitjaNemec_ReplicateLayout.replicate_layout 913:Replicating tracks on sheet ['input3-2']
05-28 00:44:13 com_github_MitjaNemec_ReplicateLayout.replicate_layout 737:Net pairs for sheet ['input3-2'] :[('Net-(J7-Pad2)', 'Net-(J6-Pad2)'), ('Net-(R72-Pad2)', 'Net-(R60-Pad2)'), ('/input3-1/O4', '/input3-2/O4'), ('/input3-1/O1', '/input3-2/O1'), ('GNDPWR', 'GNDPWR'), ('Net-(J7-Pad3)', 'Net-(J6-Pad3)'), ('Net-(R76-Pad2)', 'Net-(R64-Pad2)'), ('Net-(J7-Pad5)', 'Net-(J6-Pad5)'), ('Net-(R78-Pad2)', 'Net-(R66-Pad2)'), ('Net-(R77-Pad2)', 'Net-(R65-Pad2)'), ('/input3-1/O2', '/input3-2/O2'), ('Net-(R73-Pad2)', 'Net-(R61-Pad2)'), ('+12P', '+12P'), ('GND', 'GND'), ('Net-(R74-Pad2)', 'Net-(R62-Pad2)'), ('Net-(R75-Pad2)', 'Net-(R63-Pad2)'), ('Net-(R71-Pad2)', 'Net-(R59-Pad2)'), ('Net-(J7-Pad4)', 'Net-(J6-Pad4)'), ('/input3-1/O3', '/input3-2/O3'), ('+3V3', '+3V3')]
05-28 00:44:13 root 299:updating GUI message: 'Replicating zones'
05-28 00:44:13 com_github_MitjaNemec_ReplicateLayout.replicate_layout 967:Replicating zones
05-28 00:44:13 com_github_MitjaNemec_ReplicateLayout.replicate_layout 974:Replicating zones on sheet ['input3-2']
05-28 00:44:13 com_github_MitjaNemec_ReplicateLayout.replicate_layout 737:Net pairs for sheet ['input3-2'] :[('Net-(J7-Pad2)', 'Net-(J6-Pad2)'), ('Net-(R72-Pad2)', 'Net-(R60-Pad2)'), ('/input3-1/O4', '/input3-2/O4'), ('/input3-1/O1', '/input3-2/O1'), ('GNDPWR', 'GNDPWR'), ('Net-(J7-Pad3)', 'Net-(J6-Pad3)'), ('Net-(R76-Pad2)', 'Net-(R64-Pad2)'), ('Net-(J7-Pad5)', 'Net-(J6-Pad5)'), ('Net-(R78-Pad2)', 'Net-(R66-Pad2)'), ('Net-(R77-Pad2)', 'Net-(R65-Pad2)'), ('/input3-1/O2', '/input3-2/O2'), ('Net-(R73-Pad2)', 'Net-(R61-Pad2)'), ('+12P', '+12P'), ('GND', 'GND'), ('Net-(R74-Pad2)', 'Net-(R62-Pad2)'), ('Net-(R75-Pad2)', 'Net-(R63-Pad2)'), ('Net-(R71-Pad2)', 'Net-(R59-Pad2)'), ('Net-(J7-Pad4)', 'Net-(J6-Pad4)'), ('/input3-1/O3', '/input3-2/O3'), ('+3V3', '+3V3')]
05-28 00:44:13 root 299:updating GUI message: 'Replicating text'
05-28 00:44:13 com_github_MitjaNemec_ReplicateLayout.replicate_layout 1047:Replicating text
05-28 00:44:13 com_github_MitjaNemec_ReplicateLayout.replicate_layout 1054:Replicating text on sheet ['input3-2']
05-28 00:44:13 root 299:updating GUI message: 'Replicating drawings'
05-28 00:44:13 com_github_MitjaNemec_ReplicateLayout.replicate_layout 1088:Replicating drawings
05-28 00:44:13 com_github_MitjaNemec_ReplicateLayout.replicate_layout 1094:Replicating drawings on sheet ['input3-2']
05-28 00:44:13 com_github_MitjaNemec_ReplicateLayout.action_replicate_layout 223:Replication complete
